
2024-09-23T10:35:46.696Z - POST /api/auth/login - 71 bytes
2024-09-23T10:35:50.045Z - POST /api/auth/login - 71 bytes
2024-09-23T10:50:29.818Z - POST /api/auth/register - 121 bytes
2024-09-23T10:50:34.876Z - POST /api/auth/register - 121 bytes
2024-09-23T10:50:35.100Z - POST /api/auth/register - 121 bytes
2024-09-23T10:50:35.305Z - POST /api/auth/register - 121 bytes
2024-09-23T10:50:35.526Z - POST /api/auth/register - 121 bytes
2024-09-23T10:50:36.058Z - POST /api/auth/register - 121 bytes
2024-09-23T10:51:03.638Z - POST /api/auth/register - 118 bytes
2024-09-23T10:51:28.598Z - POST /api/auth/register - 118 bytes
2024-09-23T10:51:28.776Z - POST /api/auth/register - 118 bytes
2024-09-23T10:51:28.939Z - POST /api/auth/register - 118 bytes
2024-09-23T10:51:29.110Z - POST /api/auth/register - 118 bytes
2024-09-23T10:51:29.258Z - POST /api/auth/register - 118 bytes
2024-09-23T10:54:27.662Z - POST /api/auth/register - 118 bytes
2024-09-23T10:54:29.304Z - POST /api/auth/register - 118 bytes
2024-09-23T10:54:29.491Z - POST /api/auth/register - 118 bytes
2024-09-23T10:54:29.646Z - POST /api/auth/register - 118 bytes
2024-09-23T10:54:29.797Z - POST /api/auth/register - 118 bytes
2024-09-23T10:54:29.923Z - POST /api/auth/register - 118 bytes
2024-09-23T11:00:30.938Z - POST /api/auth/register - 118 bytes
2024-09-23T11:05:03.265Z - POST /api/auth/register - 118 bytes
2024-09-23T11:07:57.966Z - POST /api/auth/register - 118 bytes
2024-09-23T11:14:29.726Z - POST /api/auth/register - 118 bytes
2024-09-23T11:15:16.658Z - POST /api/auth/register - 118 bytes
2024-09-23T11:17:18.832Z - POST /api/auth/register - 138 bytes
2024-09-23T11:17:41.993Z - POST /api/auth/register - 136 bytes
2024-09-23T11:17:44.466Z - POST /api/auth/register - 136 bytes
2024-09-23T11:18:08.125Z - POST /api/auth/register - 152 bytes
2024-09-23T11:46:39.636Z - POST /api/admins - 136 bytes
2024-09-23T11:48:35.608Z - POST /api/admins - 136 bytes
2024-09-23T11:51:29.378Z - POST /api/schools - 61 bytes
2024-09-23T11:54:17.471Z - POST /api/admins - 125 bytes
2024-09-23T11:55:13.226Z - POST /api/auth/login - 66 bytes
2024-09-23T11:59:17.882Z - GET /api/auth/me - 66 bytes
2024-09-23T12:01:45.961Z - POST /api/students - 79 bytes
2024-09-23T12:02:05.930Z - POST /api/students - 100 bytes
2024-09-23T12:04:17.726Z - POST /api/students - 97 bytes
2024-09-23T12:10:09.455Z - POST /api/students - 97 bytes
2024-09-23T12:14:56.034Z - POST /api/students - 97 bytes
2024-09-23T12:15:30.304Z - POST /api/students - 96 bytes
2024-09-23T12:15:34.934Z - GET /api/students - 96 bytes
